action: py3-unit, msg: envreport
cwd: /home/shshevac/work/teflo
cmd: /home/shshevac/work/teflo/.tox/py3/bin/python -m pip freeze
alabaster==0.7.12
ansible-lint==4.2.0
anyconfig==0.9.7
arrow==0.15.4
aspy.yaml==1.3.0
attrs==19.3.0
Babel==2.9.0
bcrypt==3.1.7
binaryornot==0.4.4
bump2version==1.0.1
bumpversion==0.6.0
Cerberus==1.3.2
certifi==2019.11.28
cffi==1.13.2
cfgv==2.0.1
chardet==3.0.4
Click==7.0
click-completion==0.5.2
colorama==0.4.3
cookiecutter==1.7.0
coverage==5.4
cryptography==2.8
distro==1.4.0
docker==4.1.0
docutils==0.16
entrypoints==0.3
fasteners==0.15
filelock==3.0.12
flake8==3.7.9
future==0.18.2
git-review==1.28.0
git-url-parse==1.2.2
identify==1.4.9
idna==2.8
imagesize==1.2.0
importlib-metadata==1.3.0
Jinja2==2.10.3
jinja2-time==0.2.0
MarkupSafe==1.1.1
mccabe==0.6.1
mock==4.0.3
monotonic==1.5
more-itertools==8.0.2
nodeenv==1.3.3
packaging==19.2
paramiko==2.7.1
pathspec==0.7.0
pbr==5.4.4
pexpect==4.7.0
pluggy==0.13.1
poyo==0.5.0
pre-commit==1.20.0
psutil==5.6.7
ptyprocess==0.6.0
py==1.8.1
pycodestyle==2.5.0
pycparser==2.19
pyflakes==2.1.1
Pygments==2.7.4
PyNaCl==1.3.0
pyparsing==2.4.6
pytest==5.3.2
pytest-cov==2.7.1
python-dateutil==2.8.1
python-gilt==1.2.1
pytz==2021.1
PyYAML==5.2
requests==2.22.0
ruamel.yaml==0.16.5
ruamel.yaml.clib==0.2.0
sh==1.12.14
shellingham==1.3.1
six==1.15.0
snowballstemmer==2.1.0
Sphinx==1.7.0
sphinx-automodapi==0.13
sphinx-rtd-theme==0.5.1
sphinxcontrib-confluencebuilder==1.1.0
sphinxcontrib-serializinghtml==1.1.4
sphinxcontrib-websupport==1.2.4
tabulate==0.8.6
teflo @ file:///home/shshevac/work/teflo/.tox/.tmp/package/1/teflo-1.0.1.zip
testinfra==3.3.0
toml==0.10.0
tox==3.21.4
tree-format==0.1.2
urllib3==1.25.7
virtualenv==16.7.9
wcwidth==0.1.7
websocket-client==0.57.0
whichcraft==0.6.1
yamllint==1.20.0
zipp==0.6.0
