action: py3-unit, msg: getenv
cwd: /home/shshevac/work/teflo
cmd: /home/shshevac/work/teflo/.tox/py3/bin/python -m pip install -r/home/shshevac/work/teflo/test-requirements.txt
Collecting coverage>=4.3.4
  Downloading coverage-5.4-cp37-cp37m-manylinux2010_x86_64.whl (242 kB)
Collecting bumpversion>=0.5.3
  Downloading bumpversion-0.6.0-py2.py3-none-any.whl (8.4 kB)
Collecting git-review>=1.26.0
  Downloading git_review-1.28.0-py2.py3-none-any.whl (46 kB)
Collecting mock>=2.0.0
  Downloading mock-4.0.3-py3-none-any.whl (28 kB)
Requirement already satisfied: pycodestyle>=2.3.1 in /usr/local/lib/python3.7/site-packages (from -r /home/shshevac/work/teflo/test-requirements.txt (line 5)) (2.5.0)
Requirement already satisfied: pytest>=3.7.3 in /usr/local/lib/python3.7/site-packages (from -r /home/shshevac/work/teflo/test-requirements.txt (line 6)) (5.3.2)
Collecting pytest-cov==2.7.1
  Downloading pytest_cov-2.7.1-py2.py3-none-any.whl (17 kB)
Collecting Sphinx==1.7.0
  Downloading Sphinx-1.7.0-py2.py3-none-any.whl (1.9 MB)
Collecting sphinx-rtd-theme>=0.2.4
  Downloading sphinx_rtd_theme-0.5.1-py2.py3-none-any.whl (2.8 MB)
Collecting tox>=2.7.0
  Downloading tox-3.21.4-py2.py3-none-any.whl (84 kB)
Collecting sphinx_automodapi
  Downloading sphinx_automodapi-0.13-py3-none-any.whl (75 kB)
Collecting sphinxcontrib-confluencebuilder==1.1
  Downloading sphinxcontrib_confluencebuilder-1.1.0-py2.py3-none-any.whl (49 kB)
Collecting babel!=2.0,>=1.3
  Downloading Babel-2.9.0-py2.py3-none-any.whl (8.8 MB)
Requirement already satisfied: packaging in /usr/local/lib/python3.7/site-packages (from Sphinx==1.7.0->-r /home/shshevac/work/teflo/test-requirements.txt (line 9)) (19.2)
Collecting snowballstemmer>=1.1
  Downloading snowballstemmer-2.1.0-py2.py3-none-any.whl (93 kB)
Collecting alabaster<0.8,>=0.7
  Downloading alabaster-0.7.12-py2.py3-none-any.whl (14 kB)
Collecting imagesize
  Downloading imagesize-1.2.0-py2.py3-none-any.whl (4.8 kB)
Collecting Pygments>=2.0
  Downloading Pygments-2.7.4-py3-none-any.whl (950 kB)
Collecting sphinxcontrib-websupport
  Downloading sphinxcontrib_websupport-1.2.4-py2.py3-none-any.whl (39 kB)
Requirement already satisfied: setuptools in ./.tox/py3/lib/python3.7/site-packages (from Sphinx==1.7.0->-r /home/shshevac/work/teflo/test-requirements.txt (line 9)) (53.0.0)
Collecting docutils>=0.11
  Downloading docutils-0.16-py2.py3-none-any.whl (548 kB)
Requirement already satisfied: Jinja2>=2.3 in /usr/local/lib/python3.7/site-packages (from Sphinx==1.7.0->-r /home/shshevac/work/teflo/test-requirements.txt (line 9)) (2.10.3)
Requirement already satisfied: six>=1.5 in /usr/local/lib/python3.7/site-packages (from Sphinx==1.7.0->-r /home/shshevac/work/teflo/test-requirements.txt (line 9)) (1.13.0)
Requirement already satisfied: requests>=2.0.0 in /usr/local/lib/python3.7/site-packages (from Sphinx==1.7.0->-r /home/shshevac/work/teflo/test-requirements.txt (line 9)) (2.22.0)
Requirement already satisfied: future>=0.16.0 in /usr/local/lib/python3.7/site-packages (from sphinxcontrib-confluencebuilder==1.1->-r /home/shshevac/work/teflo/test-requirements.txt (line 13)) (0.18.2)
Collecting bump2version
  Downloading bump2version-1.0.1-py2.py3-none-any.whl (22 kB)
Requirement already satisfied: pluggy<1.0,>=0.12 in /usr/local/lib/python3.7/site-packages (from pytest>=3.7.3->-r /home/shshevac/work/teflo/test-requirements.txt (line 6)) (0.13.1)
Requirement already satisfied: more-itertools>=4.0.0 in /usr/local/lib/python3.7/site-packages (from pytest>=3.7.3->-r /home/shshevac/work/teflo/test-requirements.txt (line 6)) (8.0.2)
Requirement already satisfied: importlib-metadata>=0.12 in /usr/local/lib/python3.7/site-packages (from pytest>=3.7.3->-r /home/shshevac/work/teflo/test-requirements.txt (line 6)) (1.3.0)
Requirement already satisfied: attrs>=17.4.0 in /usr/local/lib/python3.7/site-packages (from pytest>=3.7.3->-r /home/shshevac/work/teflo/test-requirements.txt (line 6)) (19.3.0)
Requirement already satisfied: wcwidth in /usr/local/lib/python3.7/site-packages (from pytest>=3.7.3->-r /home/shshevac/work/teflo/test-requirements.txt (line 6)) (0.1.7)
Requirement already satisfied: py>=1.5.0 in /usr/local/lib/python3.7/site-packages (from pytest>=3.7.3->-r /home/shshevac/work/teflo/test-requirements.txt (line 6)) (1.8.1)
Requirement already satisfied: toml>=0.9.4 in /usr/local/lib/python3.7/site-packages (from tox>=2.7.0->-r /home/shshevac/work/teflo/test-requirements.txt (line 11)) (0.10.0)
Collecting six>=1.5
  Downloading six-1.15.0-py2.py3-none-any.whl (10 kB)
Collecting filelock>=3.0.0
  Downloading filelock-3.0.12-py3-none-any.whl (7.6 kB)
Requirement already satisfied: virtualenv!=20.0.0,!=20.0.1,!=20.0.2,!=20.0.3,!=20.0.4,!=20.0.5,!=20.0.6,!=20.0.7,>=16.0.0 in /usr/local/lib/python3.7/site-packages (from tox>=2.7.0->-r /home/shshevac/work/teflo/test-requirements.txt (line 11)) (16.7.9)
Collecting pytz>=2015.7
  Downloading pytz-2021.1-py2.py3-none-any.whl (510 kB)
Requirement already satisfied: zipp>=0.5 in /usr/local/lib/python3.7/site-packages (from importlib-metadata>=0.12->pytest>=3.7.3->-r /home/shshevac/work/teflo/test-requirements.txt (line 6)) (0.6.0)
Requirement already satisfied: MarkupSafe>=0.23 in /usr/local/lib/python3.7/site-packages (from Jinja2>=2.3->Sphinx==1.7.0->-r /home/shshevac/work/teflo/test-requirements.txt (line 9)) (1.1.1)
Requirement already satisfied: pyparsing>=2.0.2 in /usr/local/lib/python3.7/site-packages (from packaging->Sphinx==1.7.0->-r /home/shshevac/work/teflo/test-requirements.txt (line 9)) (2.4.6)
Requirement already satisfied: urllib3!=1.25.0,!=1.25.1,<1.26,>=1.21.1 in /usr/local/lib/python3.7/site-packages (from requests>=2.0.0->Sphinx==1.7.0->-r /home/shshevac/work/teflo/test-requirements.txt (line 9)) (1.25.7)
Requirement already satisfied: idna<2.9,>=2.5 in /usr/local/lib/python3.7/site-packages (from requests>=2.0.0->Sphinx==1.7.0->-r /home/shshevac/work/teflo/test-requirements.txt (line 9)) (2.8)
Requirement already satisfied: chardet<3.1.0,>=3.0.2 in /usr/local/lib/python3.7/site-packages (from requests>=2.0.0->Sphinx==1.7.0->-r /home/shshevac/work/teflo/test-requirements.txt (line 9)) (3.0.4)
Requirement already satisfied: certifi>=2017.4.17 in /usr/local/lib/python3.7/site-packages (from requests>=2.0.0->Sphinx==1.7.0->-r /home/shshevac/work/teflo/test-requirements.txt (line 9)) (2019.11.28)
Collecting sphinxcontrib-serializinghtml
  Downloading sphinxcontrib_serializinghtml-1.1.4-py2.py3-none-any.whl (89 kB)
Installing collected packages: sphinxcontrib-serializinghtml, six, pytz, sphinxcontrib-websupport, snowballstemmer, Pygments, imagesize, docutils, babel, alabaster, Sphinx, filelock, coverage, bump2version, tox, sphinxcontrib-confluencebuilder, sphinx-rtd-theme, sphinx-automodapi, pytest-cov, mock, git-review, bumpversion
  Attempting uninstall: six
    Found existing installation: six 1.13.0
    Not uninstalling six at /usr/local/lib/python3.7/site-packages, outside environment /home/shshevac/work/teflo/.tox/py3
    Can't uninstall 'six'. No files were found to uninstall.
ERROR: pip's dependency resolver does not currently take into account all the packages that are installed. This behaviour is the source of the following dependency conflicts.
ansible-lint 4.2.0 requires ansible>=2.7, which is not installed.
Successfully installed Pygments-2.7.4 Sphinx-1.7.0 alabaster-0.7.12 babel-2.9.0 bump2version-1.0.1 bumpversion-0.6.0 coverage-5.4 docutils-0.16 filelock-3.0.12 git-review-1.28.0 imagesize-1.2.0 mock-4.0.3 pytest-cov-2.7.1 pytz-2021.1 six-1.15.0 snowballstemmer-2.1.0 sphinx-automodapi-0.13 sphinx-rtd-theme-0.5.1 sphinxcontrib-confluencebuilder-1.1.0 sphinxcontrib-serializinghtml-1.1.4 sphinxcontrib-websupport-1.2.4 tox-3.21.4
